<?xml version="1.0" encoding="UTF-8"?>
<testsuite xmlns:xsi="http://www.w3.org/2001/XMLSchema-instance" xsi:noNamespaceSchemaLocation="https://maven.apache.org/surefire/maven-surefire-plugin/xsd/surefire-test-report-3.0.xsd" version="3.0" name="edu.pdx.cs410J.danford.PhoneCallTest" time="0.031" tests="14" errors="0" skipped="0" failures="0">
  <properties>
    <property name="java.specification.version" value="14"/>
    <property name="sun.cpu.isalist" value="amd64"/>
    <property name="sun.jnu.encoding" value="Cp1252"/>
    <property name="java.class.path" value="C:\Users\danfo\PortlandStateJavaSummer2020\phonebill\target\test-classes;C:\Users\danfo\PortlandStateJavaSummer2020\phonebill\target\classes;C:\Users\danfo\.m2\repository\junit\junit\4.13\junit-4.13.jar;C:\Users\danfo\.m2\repository\org\hamcrest\hamcrest-core\1.3\hamcrest-core-1.3.jar;C:\Users\danfo\.m2\repository\edu\pdx\cs410J\projects\Summer2020\projects-Summer2020.jar;C:\Users\danfo\.m2\repository\edu\pdx\cs410J\projects\Summer2020\projects-Summer2020-tests.jar;"/>
    <property name="java.vm.vendor" value="Oracle Corporation"/>
    <property name="sun.arch.data.model" value="64"/>
    <property name="user.variant" value=""/>
    <property name="java.vendor.url" value="https://java.oracle.com/"/>
    <property name="user.timezone" value="America/Los_Angeles"/>
    <property name="os.name" value="Windows 10"/>
    <property name="java.vm.specification.version" value="14"/>
    <property name="sun.java.launcher" value="SUN_STANDARD"/>
    <property name="user.country" value="US"/>
    <property name="sun.boot.library.path" value="C:\Program Files\Java\jdk-14.0.1\bin"/>
    <property name="sun.java.command" value="C:\Users\danfo\AppData\Local\Temp\surefire3691744566928702632\surefirebooter1633390767713628242.jar C:\Users\danfo\AppData\Local\Temp\surefire3691744566928702632 2020-07-22T14-26-40_955-jvmRun1 surefire12630282684853736417tmp surefire_010752793670220924549tmp"/>
    <property name="jdk.debug" value="release"/>
    <property name="surefire.test.class.path" value="C:\Users\danfo\PortlandStateJavaSummer2020\phonebill\target\test-classes;C:\Users\danfo\PortlandStateJavaSummer2020\phonebill\target\classes;C:\Users\danfo\.m2\repository\junit\junit\4.13\junit-4.13.jar;C:\Users\danfo\.m2\repository\org\hamcrest\hamcrest-core\1.3\hamcrest-core-1.3.jar;C:\Users\danfo\.m2\repository\edu\pdx\cs410J\projects\Summer2020\projects-Summer2020.jar;C:\Users\danfo\.m2\repository\edu\pdx\cs410J\projects\Summer2020\projects-Summer2020-tests.jar;"/>
    <property name="sun.cpu.endian" value="little"/>
    <property name="user.home" value="C:\Users\danfo"/>
    <property name="user.language" value="en"/>
    <property name="java.specification.vendor" value="Oracle Corporation"/>
    <property name="java.version.date" value="2020-04-14"/>
    <property name="java.home" value="C:\Program Files\Java\jdk-14.0.1"/>
    <property name="file.separator" value="\"/>
    <property name="basedir" value="C:\Users\danfo\PortlandStateJavaSummer2020\phonebill"/>
    <property name="java.vm.compressedOopsMode" value="32-bit"/>
    <property name="line.separator" value="&#10;"/>
    <property name="java.vm.specification.vendor" value="Oracle Corporation"/>
    <property name="java.specification.name" value="Java Platform API Specification"/>
    <property name="surefire.real.class.path" value="C:\Users\danfo\AppData\Local\Temp\surefire3691744566928702632\surefirebooter1633390767713628242.jar"/>
    <property name="user.script" value=""/>
    <property name="sun.management.compiler" value="HotSpot 64-Bit Tiered Compilers"/>
    <property name="java.runtime.version" value="14.0.1+7"/>
    <property name="user.name" value="danfo"/>
    <property name="path.separator" value=";"/>
    <property name="os.version" value="10.0"/>
    <property name="java.runtime.name" value="Java(TM) SE Runtime Environment"/>
    <property name="file.encoding" value="Cp1252"/>
    <property name="java.vm.name" value="Java HotSpot(TM) 64-Bit Server VM"/>
    <property name="localRepository" value="C:\Users\danfo\.m2\repository"/>
    <property name="java.vendor.url.bug" value="https://bugreport.java.com/bugreport/"/>
    <property name="java.io.tmpdir" value="C:\Users\danfo\AppData\Local\Temp\"/>
    <property name="java.version" value="14.0.1"/>
    <property name="user.dir" value="C:\Users\danfo\PortlandStateJavaSummer2020\phonebill"/>
    <property name="os.arch" value="amd64"/>
    <property name="java.vm.specification.name" value="Java Virtual Machine Specification"/>
    <property name="sun.os.patch.level" value=""/>
    <property name="java.library.path" value="C:\Program Files\Java\jdk-14.0.1\bin;C:\WINDOWS\Sun\Java\bin;C:\WINDOWS\system32;C:\WINDOWS;C:\Program Files\Java\jdk-14.0.1;C:\Program Files\Git\cmd;C:\Windows\System32\WindowsPowerShell\v1.0;C:\Program Files\Java\jdk-14.0.1;C:\Windows\System32\WindowsPowerShell\v1.0;;."/>
    <property name="java.vm.info" value="mixed mode, sharing"/>
    <property name="java.vendor" value="Oracle Corporation"/>
    <property name="java.vm.version" value="14.0.1+7"/>
    <property name="sun.io.unicode.encoding" value="UnicodeLittle"/>
    <property name="java.class.version" value="58.0"/>
  </properties>
  <testcase name="phoneNumbersAreNotTacos" classname="edu.pdx.cs410J.danford.PhoneCallTest" time="0.005"/>
  <testcase name="testGetEndTimeString" classname="edu.pdx.cs410J.danford.PhoneCallTest" time="0"/>
  <testcase name="testMakeDataString" classname="edu.pdx.cs410J.danford.PhoneCallTest" time="0"/>
  <testcase name="testFormatAndStringADate" classname="edu.pdx.cs410J.danford.PhoneCallTest" time="0"/>
  <testcase name="datesAreNotTheAlamo" classname="edu.pdx.cs410J.danford.PhoneCallTest" time="0.005"/>
  <testcase name="testPrettyOutput" classname="edu.pdx.cs410J.danford.PhoneCallTest" time="0"/>
  <testcase name="testGetStartTimeString" classname="edu.pdx.cs410J.danford.PhoneCallTest" time="0"/>
  <testcase name="theSimpleConstructorNullsEverything" classname="edu.pdx.cs410J.danford.PhoneCallTest" time="0"/>
  <testcase name="testGetCallee" classname="edu.pdx.cs410J.danford.PhoneCallTest" time="0"/>
  <testcase name="testGetCaller" classname="edu.pdx.cs410J.danford.PhoneCallTest" time="0.001"/>
  <testcase name="youDontTellTimeWithLetters" classname="edu.pdx.cs410J.danford.PhoneCallTest" time="0.01"/>
  <testcase name="checkAMPMFail" classname="edu.pdx.cs410J.danford.PhoneCallTest" time="0.003"/>
  <testcase name="checkAMPMPass" classname="edu.pdx.cs410J.danford.PhoneCallTest" time="0"/>
  <testcase name="theFullConstructorShouldWork" classname="edu.pdx.cs410J.danford.PhoneCallTest" time="0"/>
</testsuite>